<?xml version="1.0" encoding="UTF-8" ?>
<testsuite tests="15" failures="0" name="trabajo_teorico_iso.AppTest" time="0.142" errors="0" skipped="0">
  <properties>
[...]
</properties>
  <testcase classname="trabajo_teorico_iso.AppTest" name="testCP1" time="0.022"/>
  <testcase classname="trabajo_teorico_iso.AppTest" name="testCP2" time="0"/>
  <testcase classname="trabajo_teorico_iso.AppTest" name="testCP3" time="0"/>
  <testcase classname="trabajo_teorico_iso.AppTest" name="test10" time="0.075"/>
  <testcase classname="trabajo_teorico_iso.AppTest" name="test11" time="0"/>
  <testcase classname="trabajo_teorico_iso.AppTest" name="test12" time="0"/>
  <testcase classname="trabajo_teorico_iso.AppTest" name="test13" time="0.009"/>
  <testcase classname="trabajo_teorico_iso.AppTest" name="test14" time="0"/>
  <testcase classname="trabajo_teorico_iso.AppTest" name="test15" time="0.007"/>
  <testcase classname="trabajo_teorico_iso.AppTest" name="test16" time="0.012"/>
  <testcase classname="trabajo_teorico_iso.AppTest" name="test4" time="0"/>
  <testcase classname="trabajo_teorico_iso.AppTest" name="test6" time="0"/>
  <testcase classname="trabajo_teorico_iso.AppTest" name="test7" time="0.005"/>
  <testcase classname="trabajo_teorico_iso.AppTest" name="test8" time="0.012"/>
  <testcase classname="trabajo_teorico_iso.AppTest" name="test9" time="0"/>
</testsuite>