GROUP,PACKAGE,CLASS,INSTRUCTION_MISSED,INSTRUCTION_COVERED,BRANCH_MISSED,BRANCH_COVERED,LINE_MISSED,LINE_COVERED,COMPLEXITY_MISSED,COMPLEXITY_COVERED,METHOD_MISSED,METHOD_COVERED
trabajo_teorico_iso,trabajo_teorico_iso.dominio,NivelEducacion,0,39,0,0,0,7,0,1,0,1
trabajo_teorico_iso,trabajo_teorico_iso.dominio,Persona,0,294,2,17,0,70,2,17,0,7
trabajo_teorico_iso,trabajo_teorico_iso.dominio,MenorEdadException,0,4,0,0,0,2,0,1,0,1
trabajo_teorico_iso,trabajo_teorico_iso.dominio,NumeroNegativoException,0,4,0,0,0,2,0,1,0,1
trabajo_teorico_iso,trabajo_teorico_iso.dominio,NoEuropeoException,0,4,0,0,0,2,0,1,0,1
trabajo_teorico_iso,trabajo_teorico_iso,App,149,0,6,0,40,0,5,0,2,0
trabajo_teorico_iso,trabajo_teorico_iso.presentacion,Interfaz,0,119,4,12,0,33,4,10,0,6
